[debug] [2023-06-22T16:44:04.897Z] ----------------------------------------------------------------------
[debug] [2023-06-22T16:44:04.899Z] Command:       /usr/local/bin/node /usr/local/bin/firebase init
[debug] [2023-06-22T16:44:04.899Z] CLI Version:   12.4.0
[debug] [2023-06-22T16:44:04.900Z] Platform:      darwin
[debug] [2023-06-22T16:44:04.900Z] Node Version:  v18.16.0
[debug] [2023-06-22T16:44:04.901Z] Time:          Thu Jun 22 2023 12:44:04 GMT-0400 (Eastern Daylight Time)
[debug] [2023-06-22T16:44:04.902Z] ----------------------------------------------------------------------
[debug] 
[debug] [2023-06-22T16:44:04.971Z] > command requires scopes: ["email","openid","https://www.googleapis.com/auth/cloudplatformprojects.readonly","https://www.googleapis.com/auth/firebase","https://www.googleapis.com/auth/cloud-platform"]
[debug] [2023-06-22T16:44:04.972Z] > authorizing via signed-in user (enat2929@gmail.com)
[info] 
     ######## #### ########  ######## ########     ###     ######  ########
     ##        ##  ##     ## ##       ##     ##  ##   ##  ##       ##
     ######    ##  ########  ######   ########  #########  ######  ######
     ##        ##  ##    ##  ##       ##     ## ##     ##       ## ##
     ##       #### ##     ## ######## ########  ##     ##  ######  ########

You're about to initialize a Firebase project in this directory:

  /Users/dagimali/Desktop/Desktop/Evangadi/Project/Netflex/netflix-project/netflix-react-project

Before we get started, keep in mind:

  * You are initializing within an existing Firebase project directory

[info] 
=== Project Setup
[info] 
[info] First, let's associate this project directory with a Firebase project.
[info] You can create multiple project aliases by running firebase use --add, 
[info] but for now we'll just set up a default project.
[info] 
[debug] [2023-06-22T16:44:14.444Z] Using project from CLI flag: netflix-react-project-867ac
[debug] [2023-06-22T16:44:14.448Z] >>> [apiv2][query] GET https://firebase.googleapis.com/v1beta1/projects/netflix-react-project-867ac [none]
[debug] [2023-06-22T16:44:14.707Z] <<< [apiv2][status] GET https://firebase.googleapis.com/v1beta1/projects/netflix-react-project-867ac 200
[debug] [2023-06-22T16:44:14.708Z] <<< [apiv2][body] GET https://firebase.googleapis.com/v1beta1/projects/netflix-react-project-867ac {"projectId":"netflix-react-project-867ac","projectNumber":"876801219008","displayName":"netflix-react-project","name":"projects/netflix-react-project-867ac","resources":{"hostingSite":"netflix-react-project-867ac"},"state":"ACTIVE","etag":"1_608ada99-e1e2-420a-913b-cf4faa0c370b"}
[info] i  Using project netflix-react-project-867ac (netflix-react-project) 
[info] 
=== Hosting:github Setup
[info] 
[info] i  Detected a .git folder at /Users/dagimali/Desktop/Desktop/Evangadi/Project/Netflex/netflix-project/netflix-react-project 
[info] i  Authorizing with GitHub to upload your service account to a GitHub repository's secrets store. 
[info] 
[info] Visit this URL on this device to log in:
[info] https://github.com/login/oauth/authorize?client_id=89cf50f02ac6aaed3484&state=899878099&redirect_uri=http%3A%2F%2Flocalhost%3A9005&scope=read%3Auser%20repo%20public_repo
[info] 
[info] Waiting for authentication...
